
!CONFIGURATION: 'com.ti.ccstudio.buildDefinitions.TMS470.Debug.1689549303' [Mon Dec 16 02:48:10 PST 2019]

	!TOOL: 'com.ti.ccstudio.buildDefinitions.TMS470_18.12.exe.compilerDebug.1825342841'

		!WARNING: Unresolved option: com.ti.ccstudio.buildDefinitions.TMS470_18.1.compilerID.SILICON_VERSION

		!WARNING: Unresolved option: com.ti.ccstudio.buildDefinitions.TMS470_18.1.compilerID.CODE_STATE

		!WARNING: Unresolved option: com.ti.ccstudio.buildDefinitions.TMS470_18.1.compilerID.FLOAT_SUPPORT

		!WARNING: Unresolved option: com.ti.ccstudio.buildDefinitions.TMS470_18.1.compilerID.LITTLE_ENDIAN

		!WARNING: Unresolved option: com.ti.ccstudio.buildDefinitions.TMS470_18.1.compilerID.INCLUDE_PATH

		!WARNING: Unresolved option: com.ti.ccstudio.buildDefinitions.TMS470_18.1.compilerID.DEFINE

		!WARNING: Unresolved option: com.ti.ccstudio.buildDefinitions.TMS470_18.1.compilerID.DEBUGGING_MODEL

		!WARNING: Unresolved option: com.ti.ccstudio.buildDefinitions.TMS470_18.1.compilerID.GCC

		!WARNING: Unresolved option: com.ti.ccstudio.buildDefinitions.TMS470_18.1.compilerID.DIAG_WARNING

		!WARNING: Unresolved option: com.ti.ccstudio.buildDefinitions.TMS470_18.1.compilerID.DISPLAY_ERROR_NUMBER

		!WARNING: Unresolved option: com.ti.ccstudio.buildDefinitions.TMS470_18.1.compilerID.ABI

	!TOOL: 'com.ti.ccstudio.buildDefinitions.TMS470_18.12.exe.linkerDebug.719389913'

		!WARNING: Unresolved option: com.ti.ccstudio.buildDefinitions.TMS470_18.1.linkerID.MAP_FILE

		!WARNING: Unresolved option: com.ti.ccstudio.buildDefinitions.TMS470_18.1.linkerID.OUTPUT_FILE

		!WARNING: Unresolved option: com.ti.ccstudio.buildDefinitions.TMS470_18.1.linkerID.HEAP_SIZE

		!WARNING: Unresolved option: com.ti.ccstudio.buildDefinitions.TMS470_18.1.linkerID.STACK_SIZE

		!WARNING: Unresolved option: com.ti.ccstudio.buildDefinitions.TMS470_18.1.linkerID.LIBRARY

		!WARNING: Unresolved option: com.ti.ccstudio.buildDefinitions.TMS470_18.1.linkerID.SEARCH_PATH

		!WARNING: Unresolved option: com.ti.ccstudio.buildDefinitions.TMS470_18.1.linkerID.DISPLAY_ERROR_NUMBER

		!WARNING: Unresolved option: com.ti.ccstudio.buildDefinitions.TMS470_18.1.linkerID.XML_LINK_INFO

